This is pdfTeX, Version 3.1415926-2.5-1.40.14 (TeX Live 2013) (format=latex 2021.6.23)  3 OCT 2023 10:27
entering extended mode
 restricted \write18 enabled.
 %&-line parsing enabled.
**apa7.ins
(./apa7.ins
LaTeX2e <2011/06/27>
Babel <v3.8m> and hyphenation patterns for english, dumylang, nohyphenation, lo
aded.
(/usr/share/texlive/texmf-dist/tex/latex/base/docstrip.tex
\blockLevel=\count79
\emptyLines=\count80
\processedLines=\count81
\commentsRemoved=\count82
\commentsPassed=\count83
\codeLinesPassed=\count84
\TotalprocessedLines=\count85
\TotalcommentsRemoved=\count86
\TotalcommentsPassed=\count87
\TotalcodeLinesPassed=\count88
\NumberOfFiles=\count89
\inFile=\read1
\inputcheck=\read2
\off@0=\count90
\off@1=\count91
\off@2=\count92
\off@3=\count93
\off@4=\count94
\off@5=\count95
\off@6=\count96
\off@7=\count97
\off@8=\count98
\off@9=\count99
\off@10=\count100
\off@11=\count101
\off@12=\count102
\off@13=\count103
\off@14=\count104
\off@15=\count105
\@maxfiles=\count106
\@maxoutfiles=\count107

Utility: `docstrip' 2.5d <2005/07/29>
English documentation    <1999/03/31>

**********************************************************
* This program converts documented macro-files into fast *
* loadable files by stripping off (nearly) all comments! *
**********************************************************

********************************************************
* No Configuration file found, using default settings. *
********************************************************

)

Generating file(s) ./apa7.cls 
\openout0 = `./apa7.cls'.


Processing file apa7.dtx (class) -> apa7.cls
Lines  processed: 3892
Comments removed: 1333
Comments  passed: 46
Codelines passed: 2463


Generating file(s) ././config/APA7american.txt ././config/APA7british.txt ././c
onfig/APA7dutch.txt ././config/APA7english.txt ././config/APA7french.txt ././co
nfig/APA7german.txt ././config/APA7ngerman.txt ././config/APA7greek.txt ././con
fig/APA7czech.txt ././config/APA7turkish.txt ././config/APA7spanish.txt ././con
fig/APA7hungarian.txt ././config/APA7endfloat.cfg 
\openout0 = `././config/APA7american.txt'.

\openout1 = `././config/APA7british.txt'.

\openout2 = `././config/APA7dutch.txt'.

\openout3 = `././config/APA7english.txt'.

\openout4 = `././config/APA7french.txt'.

\openout5 = `././config/APA7german.txt'.

\openout6 = `././config/APA7ngerman.txt'.

\openout7 = `././config/APA7greek.txt'.

\openout8 = `././config/APA7czech.txt'.

\openout9 = `././config/APA7turkish.txt'.

\openout10 = `././config/APA7spanish.txt'.

\openout11 = `././config/APA7hungarian.txt'.

\openout12 = `././config/APA7endfloat.cfg'.


Processing file apa7.dtx (american) -> ./config/APA7american.txt
                         (british) -> ./config/APA7british.txt
                         (dutch) -> ./config/APA7dutch.txt
                         (english) -> ./config/APA7english.txt
                         (french) -> ./config/APA7french.txt
                         (german) -> ./config/APA7german.txt
                         (ngerman) -> ./config/APA7ngerman.txt
                         (greek) -> ./config/APA7greek.txt
                         (czech) -> ./config/APA7czech.txt
                         (turkish) -> ./config/APA7turkish.txt
                         (spanish) -> ./config/APA7spanish.txt
                         (hungarian) -> ./config/APA7hungarian.txt
                         (APAendfloat) -> ./config/APA7endfloat.cfg
Lines  processed: 3892
Comments removed: 1333
Comments  passed: 46
Codelines passed: 2463


Generating file(s) ././samples/bibliography.bib ././samples/shortsample.tex ./.
/samples/longsample.tex 
\openout0 = `././samples/bibliography.bib'.

\openout1 = `././samples/shortsample.tex'.

\openout2 = `././samples/longsample.tex'.


Processing file apa7.dtx (bibliography) -> ./samples/bibliography.bib
                         (shortsample) -> ./samples/shortsample.tex
                         (longsample) -> ./samples/longsample.tex
Lines  processed: 3892
Comments removed: 1333
Comments  passed: 46
Codelines passed: 2463

Overall statistics:
Files  processed: 3
Lines  processed: 11676
Comments removed: 3999
Comments  passed: 138
Codelines passed: 7389
 ) 
Here is how much of TeX's memory you used:
 461 strings out of 495064
 6154 string characters out of 3182224
 58210 words of memory out of 3000000
 3719 multiletter control sequences out of 15000+200000
 3640 words of font info for 14 fonts, out of 3000000 for 9000
 14 hyphenation exceptions out of 8191
 11i,0n,15p,203b,251s stack positions out of 5000i,500n,10000p,200000b,50000s

No pages of output.
